[debug] [2022-10-16T18:00:15.715Z] ----------------------------------------------------------------------
[debug] [2022-10-16T18:00:15.716Z] Command:       /Users/terrelltrapperkeepersingleton/.nvm/versions/node/v18.10.0/bin/node /Users/terrelltrapperkeepersingleton/.nvm/versions/node/v18.10.0/bin/firebase emulators:start
[debug] [2022-10-16T18:00:15.716Z] CLI Version:   11.14.1
[debug] [2022-10-16T18:00:15.716Z] Platform:      darwin
[debug] [2022-10-16T18:00:15.716Z] Node Version:  v18.10.0
[debug] [2022-10-16T18:00:15.717Z] Time:          Sun Oct 16 2022 14:00:15 GMT-0400 (Eastern Daylight Time)
[debug] [2022-10-16T18:00:15.717Z] ----------------------------------------------------------------------
[debug] 
[debug] [2022-10-16T18:00:15.769Z] > command requires scopes: ["email","openid","https://www.googleapis.com/auth/cloudplatformprojects.readonly","https://www.googleapis.com/auth/firebase","https://www.googleapis.com/auth/cloud-platform"]
[debug] [2022-10-16T18:00:15.769Z] > authorizing via signed-in user (hello@thehandsomestnerd.com)
[info] i  emulators: Starting emulators: functions, hosting {"metadata":{"emulator":{"name":"hub"},"message":"Starting emulators: functions, hosting"}}
[debug] [2022-10-16T18:00:15.778Z] [hub] writing locator at /var/folders/x9/x6rqly_n5v36sgtmbjyz_p600000gn/T/hub-transform-hw.json
[warn] ⚠  functions: The following emulators are not running, calls to these services from the Functions emulator will affect production: auth, firestore, database, pubsub, storage, eventarc {"metadata":{"emulator":{"name":"functions"},"message":"The following emulators are not running, calls to these services from the Functions emulator will affect production: \u001b[1mauth, firestore, database, pubsub, storage, eventarc\u001b[22m"}}
[warn] ⚠  Your requested "node" version "14" doesn't match your global version "18". Using node@18 from host. {"metadata":{"emulator":{"name":"functions"},"message":"Your requested \"node\" version \"14\" doesn't match your global version \"18\". Using node@18 from host."}}
[debug] [2022-10-16T18:00:15.793Z] defaultcredentials: writing to file /Users/terrelltrapperkeepersingleton/.config/firebase/hello_thehandsomestnerd_com_application_default_credentials.json
[debug] [2022-10-16T18:00:15.798Z] Setting GAC to /Users/terrelltrapperkeepersingleton/.config/firebase/hello_thehandsomestnerd_com_application_default_credentials.json {"metadata":{"emulator":{"name":"functions"},"message":"Setting GAC to /Users/terrelltrapperkeepersingleton/.config/firebase/hello_thehandsomestnerd_com_application_default_credentials.json"}}
[debug] [2022-10-16T18:00:15.799Z] > refreshing access token with scopes: []
[debug] [2022-10-16T18:00:15.800Z] >>> [apiv2][query] POST https://www.googleapis.com/oauth2/v3/token [none]
[debug] [2022-10-16T18:00:15.800Z] >>> [apiv2][body] POST https://www.googleapis.com/oauth2/v3/token [omitted]
[debug] [2022-10-16T18:00:16.214Z] <<< [apiv2][status] POST https://www.googleapis.com/oauth2/v3/token 200
[debug] [2022-10-16T18:00:16.214Z] <<< [apiv2][body] POST https://www.googleapis.com/oauth2/v3/token [omitted]
[debug] [2022-10-16T18:00:16.259Z] >>> [apiv2][query] GET https://firebase.googleapis.com/v1beta1/projects/transform-hw/adminSdkConfig [none]
[debug] [2022-10-16T18:00:16.722Z] <<< [apiv2][status] GET https://firebase.googleapis.com/v1beta1/projects/transform-hw/adminSdkConfig 200
[debug] [2022-10-16T18:00:16.722Z] <<< [apiv2][body] GET https://firebase.googleapis.com/v1beta1/projects/transform-hw/adminSdkConfig {"projectId":"transform-hw","storageBucket":"transform-hw.appspot.com"}
[debug] [2022-10-16T18:00:17.265Z] >>> [apiv2][query] GET https://firebasehosting.googleapis.com/v1beta1/projects/transform-hw/sites 
[debug] [2022-10-16T18:00:17.740Z] <<< [apiv2][status] GET https://firebasehosting.googleapis.com/v1beta1/projects/transform-hw/sites 200
[debug] [2022-10-16T18:00:17.740Z] <<< [apiv2][body] GET https://firebasehosting.googleapis.com/v1beta1/projects/transform-hw/sites {"sites":[{"name":"projects/transform-hw/sites/transform-hw","defaultUrl":"https://transform-hw.web.app","type":"DEFAULT_SITE"}]}
[debug] [2022-10-16T18:00:17.741Z] >>> [apiv2][query] GET https://firebase.googleapis.com/v1beta1/projects/transform-hw/webApps/-/config [none]
[debug] [2022-10-16T18:00:18.163Z] <<< [apiv2][status] GET https://firebase.googleapis.com/v1beta1/projects/transform-hw/webApps/-/config 200
[debug] [2022-10-16T18:00:18.163Z] <<< [apiv2][body] GET https://firebase.googleapis.com/v1beta1/projects/transform-hw/webApps/-/config {"projectId":"transform-hw","storageBucket":"transform-hw.appspot.com","apiKey":"AIzaSyA3uD_rUDH-VrgbgA4Smy-sK4dHtLwEHTc","authDomain":"transform-hw.firebaseapp.com","messagingSenderId":"965082563603"}
[info] i  hosting: Serving hosting files from: build {"metadata":{"emulator":{"name":"hosting"},"message":"Serving hosting files from: \u001b[1mbuild\u001b[22m"}}
[info] ✔  hosting: Local server: http://localhost:5002 {"metadata":{"emulator":{"name":"hosting"},"message":"Local server: \u001b[4m\u001b[1mhttp://localhost:5002\u001b[22m\u001b[24m"}}
[debug] [2022-10-16T18:00:18.540Z] Ignoring unsupported arg: auto_download {"metadata":{"emulator":{"name":"ui"},"message":"Ignoring unsupported arg: auto_download"}}
[debug] [2022-10-16T18:00:18.541Z] Ignoring unsupported arg: port {"metadata":{"emulator":{"name":"ui"},"message":"Ignoring unsupported arg: port"}}
[debug] [2022-10-16T18:00:18.541Z] Starting Emulator UI with command {"binary":"node","args":["/Users/terrelltrapperkeepersingleton/.cache/firebase/emulators/ui-v1.10.0/server/server.js"],"optionalArgs":[],"joinArgs":false} {"metadata":{"emulator":{"name":"ui"},"message":"Starting Emulator UI with command {\"binary\":\"node\",\"args\":[\"/Users/terrelltrapperkeepersingleton/.cache/firebase/emulators/ui-v1.10.0/server/server.js\"],\"optionalArgs\":[],\"joinArgs\":false}"}}
[info] i  ui: Emulator UI logging to ui-debug.log {"metadata":{"emulator":{"name":"ui"},"message":"Emulator UI logging to \u001b[1mui-debug.log\u001b[22m"}}
[debug] [2022-10-16T18:00:18.612Z] Web / API server started at localhost:4000
 {"metadata":{"emulator":{"name":"ui"},"message":"Web / API server started at localhost:4000\n"}}
[info] i  functions: Watching "/Users/terrelltrapperkeepersingleton/Documents/GitHub/transformHW/functions" for Cloud Functions... {"metadata":{"emulator":{"name":"functions"},"message":"Watching \"/Users/terrelltrapperkeepersingleton/Documents/GitHub/transformHW/functions\" for Cloud Functions..."}}
[debug] [2022-10-16T18:00:18.805Z] Validating nodejs source
[warn] ⚠  functions: package.json indicates an outdated version of firebase-functions. Please upgrade using npm install --save firebase-functions@latest in your functions directory. 
[warn] ⚠  functions: Please note that there will be breaking changes when you upgrade. 
[debug] [2022-10-16T18:00:19.665Z] > [functions] package.json contents: {
  "name": "functions",
  "scripts": {
    "lint": "eslint --ext .js,.ts .",
    "build": "tsc && npm run html",
    "build:dev": "NODE_ENV=development tsc",
    "serve": "npm run build && firebase emulators:start --only functions",
    "shell": "npm run build && firebase functions:shell",
    "start": "npm run shell",
    "deploy": "npm run build && firebase deploy --only functions",
    "logs": "firebase functions:log",
    "html": "mv ../build/index.html ./lib/functions/src"
  },
  "engines": {
    "node": "14"
  },
  "main": "lib/functions/src/index.js",
  "dependencies": {
    "@sanity/client": "^3.4.1",
    "@sanity/image-url": "^1.0.1",
    "@sanity/types": "^2.34.0",
    "@shopify/shopify-api": "^2.0.0",
    "@types/firebase": "^3.2.1",
    "@types/ws": "^8.2.2",
    "axios": "^0.24.0",
    "dotenv": "^16.0.3",
    "es6-promise": "^4.2.8",
    "express": "^4.18.2",
    "firebase-admin": "^11.1.0",
    "firebase-functions": "^3.24.1",
    "json-bigint": "^1.0.0",
    "node-fetch": "^2.6.6",
    "prerender-node": "^3.5.0",
    "uuid": "^8.3.2"
  },
  "devDependencies": {
    "@types/json-bigint": "^1.0.1",
    "@types/node-fetch": "^2.5.12",
    "@types/uuid": "^8.3.3",
    "@typescript-eslint/eslint-plugin": "^3.9.1",
    "@typescript-eslint/parser": "^3.8.0",
    "eslint": "^7.6.0",
    "eslint-config-google": "^0.14.0",
    "eslint-plugin-import": "^2.22.0",
    "firebase-functions-test": "^0.2.0",
    "typescript": "^4.8.4"
  },
  "private": true
}
[debug] [2022-10-16T18:00:19.665Z] Building nodejs source
[debug] [2022-10-16T18:00:19.665Z] Analyzing nodejs backend spec
[debug] [2022-10-16T18:00:19.667Z] Could not find functions.yaml. Must use http discovery
[debug] [2022-10-16T18:00:19.753Z] Serving at port 9016

[debug] [2022-10-16T18:00:19.908Z] FROM THE SERVER?!?!

[debug] [2022-10-16T18:00:19.908Z] /Users/terrelltrapperkeepersingleton/Documents/GitHub/transformHW/functions/lib/functions/src ../../../../build

[debug] [2022-10-16T18:00:19.909Z] /Users/terrelltrapperkeepersingleton/Documents/GitHub/transformHW/functions/lib/functions/src [
  'cmsClient.js',
  'cmsClient.js.map',
  'index.html',
  'index.js',
  'index.js.map',
  'logClient.js',
  'logClient.js.map',
  'sanityClient.js',
  'sanityClient.js.map'
]

[debug] [2022-10-16T18:00:19.911Z] Got response from /__/functions.yaml {"endpoints":{"app":{"platform":"gcfv1","httpsTrigger":{},"entryPoint":"app"}},"specVersion":"v1alpha1","requiredAPIs":[]}
[debug] [2022-10-16T18:00:19.915Z] shutdown requested via /__/quitquitquit

[info] ✔  functions: Loaded functions definitions from source: app. {"metadata":{"emulator":{"name":"functions"},"message":"Loaded functions definitions from source: app."}}
[info] ✔  functions[us-central1-app]: http function initialized (http://localhost:5001/transform-hw/us-central1/app). {"metadata":{"emulator":{"name":"functions"},"message":"\u001b[1mhttp\u001b[22m function initialized (http://localhost:5001/transform-hw/us-central1/app)."}}
[info] 
┌─────────────────────────────────────────────────────────────┐
│ ✔  All emulators ready! It is now safe to connect your app. │
│ i  View Emulator UI at http://localhost:4000                │
└─────────────────────────────────────────────────────────────┘

┌───────────┬────────────────┬─────────────────────────────────┐
│ Emulator  │ Host:Port      │ View in Emulator UI             │
├───────────┼────────────────┼─────────────────────────────────┤
│ Functions │ localhost:5001 │ http://localhost:4000/functions │
├───────────┼────────────────┼─────────────────────────────────┤
│ Hosting   │ localhost:5002 │ n/a                             │
└───────────┴────────────────┴─────────────────────────────────┘
  Emulator Hub running at localhost:4400
  Other reserved ports: 4500

Issues? Report them at https://github.com/firebase/firebase-tools/issues and attach the *-debug.log files.
 
[info] [hosting] Rewriting /transformative-healing-and-wellness/coming-soon to http://localhost:5001/transform-hw/us-central1/app for local Function us-central1/app
[debug] [2022-10-16T18:00:42.084Z] >>> [apiv2][query] GET http://localhost:5001/transform-hw/us-central1/app/transformative-healing-and-wellness/coming-soon 
[debug] [2022-10-16T18:00:42.088Z] [work-queue] {"queueLength":1,"workRunningCount":0}
[debug] [2022-10-16T18:00:42.088Z] [work-queue] {"queueLength":0,"workRunningCount":1}
[debug] [2022-10-16T18:00:42.088Z] Accepted request GET /transform-hw/us-central1/app/transformative-healing-and-wellness/coming-soon --> us-central1-app
[debug] [2022-10-16T18:00:42.092Z] [functions] Runtime ready! Sending request! {"metadata":{"emulator":{"name":"functions"},"message":"[functions] Runtime ready! Sending request!"}}
[debug] [2022-10-16T18:00:42.092Z] [functions] Got req.url=/transform-hw/us-central1/app/transformative-healing-and-wellness/coming-soon, mapping to path=/transformative-healing-and-wellness/coming-soon {"metadata":{"emulator":{"name":"functions"},"message":"[functions] Got req.url=/transform-hw/us-central1/app/transformative-healing-and-wellness/coming-soon, mapping to path=/transformative-healing-and-wellness/coming-soon"}}
[info] i  functions: Loaded environment variables from .env. 
[debug] [2022-10-16T18:00:42.101Z] [worker-pool] addWorker(us-central1-app) {"metadata":{"emulator":{"name":"functions"},"message":"[worker-pool] addWorker(us-central1-app)"}}
[debug] [2022-10-16T18:00:42.102Z] [worker-pool] Adding worker with key us-central1-app, total=1 {"metadata":{"emulator":{"name":"functions"},"message":"[worker-pool] Adding worker with key us-central1-app, total=1"}}
[debug] [2022-10-16T18:00:42.436Z] [runtime-status] [35009] Resolved module firebase-admin {"declared":true,"installed":true,"version":"11.1.0","resolution":"/Users/terrelltrapperkeepersingleton/Documents/GitHub/transformHW/functions/node_modules/firebase-admin/lib/index.js"} {"metadata":{"emulator":{"name":"functions"},"function":{"name":"us-central1-app"},"extension":{},"message":"[runtime-status] [35009] Resolved module firebase-admin {\"declared\":true,\"installed\":true,\"version\":\"11.1.0\",\"resolution\":\"/Users/terrelltrapperkeepersingleton/Documents/GitHub/transformHW/functions/node_modules/firebase-admin/lib/index.js\"}"}}
[debug] [2022-10-16T18:00:42.436Z] [runtime-status] [35009] Resolved module firebase-functions {"declared":true,"installed":true,"version":"3.24.1","resolution":"/Users/terrelltrapperkeepersingleton/Documents/GitHub/transformHW/functions/node_modules/firebase-functions/lib/index.js"} {"metadata":{"emulator":{"name":"functions"},"function":{"name":"us-central1-app"},"extension":{},"message":"[runtime-status] [35009] Resolved module firebase-functions {\"declared\":true,\"installed\":true,\"version\":\"3.24.1\",\"resolution\":\"/Users/terrelltrapperkeepersingleton/Documents/GitHub/transformHW/functions/node_modules/firebase-functions/lib/index.js\"}"}}
[debug] [2022-10-16T18:00:42.436Z] [runtime-status] [35009] Outgoing network have been stubbed. [{"name":"http","status":"mocked"},{"name":"http","status":"mocked"},{"name":"https","status":"mocked"},{"name":"https","status":"mocked"},{"name":"net","status":"mocked"}] {"metadata":{"emulator":{"name":"functions"},"function":{"name":"us-central1-app"},"extension":{},"message":"[runtime-status] [35009] Outgoing network have been stubbed. [{\"name\":\"http\",\"status\":\"mocked\"},{\"name\":\"http\",\"status\":\"mocked\"},{\"name\":\"https\",\"status\":\"mocked\"},{\"name\":\"https\",\"status\":\"mocked\"},{\"name\":\"net\",\"status\":\"mocked\"}]"}}
[debug] [2022-10-16T18:00:42.437Z] [runtime-status] [35009] Resolved module firebase-functions {"declared":true,"installed":true,"version":"3.24.1","resolution":"/Users/terrelltrapperkeepersingleton/Documents/GitHub/transformHW/functions/node_modules/firebase-functions/lib/index.js"} {"metadata":{"emulator":{"name":"functions"},"function":{"name":"us-central1-app"},"extension":{},"message":"[runtime-status] [35009] Resolved module firebase-functions {\"declared\":true,\"installed\":true,\"version\":\"3.24.1\",\"resolution\":\"/Users/terrelltrapperkeepersingleton/Documents/GitHub/transformHW/functions/node_modules/firebase-functions/lib/index.js\"}"}}
[debug] [2022-10-16T18:00:42.451Z] [runtime-status] [35009] Checked functions.config() {"config":{}} {"metadata":{"emulator":{"name":"functions"},"function":{"name":"us-central1-app"},"extension":{},"message":"[runtime-status] [35009] Checked functions.config() {\"config\":{}}"}}
[debug] [2022-10-16T18:00:42.451Z] [runtime-status] [35009] firebase-functions has been stubbed. {"functionsResolution":{"declared":true,"installed":true,"version":"3.24.1","resolution":"/Users/terrelltrapperkeepersingleton/Documents/GitHub/transformHW/functions/node_modules/firebase-functions/lib/index.js"}} {"metadata":{"emulator":{"name":"functions"},"function":{"name":"us-central1-app"},"extension":{},"message":"[runtime-status] [35009] firebase-functions has been stubbed. {\"functionsResolution\":{\"declared\":true,\"installed\":true,\"version\":\"3.24.1\",\"resolution\":\"/Users/terrelltrapperkeepersingleton/Documents/GitHub/transformHW/functions/node_modules/firebase-functions/lib/index.js\"}}"}}
[debug] [2022-10-16T18:00:42.452Z] [runtime-status] [35009] Resolved module firebase-functions {"declared":true,"installed":true,"version":"3.24.1","resolution":"/Users/terrelltrapperkeepersingleton/Documents/GitHub/transformHW/functions/node_modules/firebase-functions/lib/index.js"} {"metadata":{"emulator":{"name":"functions"},"function":{"name":"us-central1-app"},"extension":{},"message":"[runtime-status] [35009] Resolved module firebase-functions {\"declared\":true,\"installed\":true,\"version\":\"3.24.1\",\"resolution\":\"/Users/terrelltrapperkeepersingleton/Documents/GitHub/transformHW/functions/node_modules/firebase-functions/lib/index.js\"}"}}
[debug] [2022-10-16T18:00:42.452Z] [runtime-status] [35009] Resolved module firebase-admin {"declared":true,"installed":true,"version":"11.1.0","resolution":"/Users/terrelltrapperkeepersingleton/Documents/GitHub/transformHW/functions/node_modules/firebase-admin/lib/index.js"} {"metadata":{"emulator":{"name":"functions"},"function":{"name":"us-central1-app"},"extension":{},"message":"[runtime-status] [35009] Resolved module firebase-admin {\"declared\":true,\"installed\":true,\"version\":\"11.1.0\",\"resolution\":\"/Users/terrelltrapperkeepersingleton/Documents/GitHub/transformHW/functions/node_modules/firebase-admin/lib/index.js\"}"}}
[debug] [2022-10-16T18:00:42.453Z] [runtime-status] [35009] Resolved module firebase-functions {"declared":true,"installed":true,"version":"3.24.1","resolution":"/Users/terrelltrapperkeepersingleton/Documents/GitHub/transformHW/functions/node_modules/firebase-functions/lib/index.js"} {"metadata":{"emulator":{"name":"functions"},"function":{"name":"us-central1-app"},"extension":{},"message":"[runtime-status] [35009] Resolved module firebase-functions {\"declared\":true,\"installed\":true,\"version\":\"3.24.1\",\"resolution\":\"/Users/terrelltrapperkeepersingleton/Documents/GitHub/transformHW/functions/node_modules/firebase-functions/lib/index.js\"}"}}
[debug] [2022-10-16T18:00:42.453Z] [runtime-status] [35009] firebase-admin has been stubbed. {"adminResolution":{"declared":true,"installed":true,"version":"11.1.0","resolution":"/Users/terrelltrapperkeepersingleton/Documents/GitHub/transformHW/functions/node_modules/firebase-admin/lib/index.js"}} {"metadata":{"emulator":{"name":"functions"},"function":{"name":"us-central1-app"},"extension":{},"message":"[runtime-status] [35009] firebase-admin has been stubbed. {\"adminResolution\":{\"declared\":true,\"installed\":true,\"version\":\"11.1.0\",\"resolution\":\"/Users/terrelltrapperkeepersingleton/Documents/GitHub/transformHW/functions/node_modules/firebase-admin/lib/index.js\"}}"}}
[debug] [2022-10-16T18:00:42.495Z] [runtime-status] [35009] initializeApp(DEFAULT) {"metadata":{"emulator":{"name":"functions"},"function":{"name":"us-central1-app"},"extension":{},"message":"[runtime-status] [35009] initializeApp(DEFAULT)"}}
[info] >  FROM THE SERVER?!?! {"user":"FROM THE SERVER?!?!","metadata":{"emulator":{"name":"functions"},"function":{"name":"us-central1-app"},"extension":{},"message":"\u001b[90m> \u001b[39m FROM THE SERVER?!?!"}}
[info] >  /Users/terrelltrapperkeepersingleton/Documents/GitHub/transformHW/functions/lib/functions/src ../../../../build {"user":"/Users/terrelltrapperkeepersingleton/Documents/GitHub/transformHW/functions/lib/functions/src ../../../../build","metadata":{"emulator":{"name":"functions"},"function":{"name":"us-central1-app"},"extension":{},"message":"\u001b[90m> \u001b[39m /Users/terrelltrapperkeepersingleton/Documents/GitHub/transformHW/functions/lib/functions/src ../../../../build"}}
[info] >  /Users/terrelltrapperkeepersingleton/Documents/GitHub/transformHW/functions/lib/functions/src [ {"user":"/Users/terrelltrapperkeepersingleton/Documents/GitHub/transformHW/functions/lib/functions/src [","metadata":{"emulator":{"name":"functions"},"function":{"name":"us-central1-app"},"extension":{},"message":"\u001b[90m> \u001b[39m /Users/terrelltrapperkeepersingleton/Documents/GitHub/transformHW/functions/lib/functions/src ["}}
[info] >    'cmsClient.js', {"user":"  'cmsClient.js',","metadata":{"emulator":{"name":"functions"},"function":{"name":"us-central1-app"},"extension":{},"message":"\u001b[90m> \u001b[39m   'cmsClient.js',"}}
[info] >    'cmsClient.js.map', {"user":"  'cmsClient.js.map',","metadata":{"emulator":{"name":"functions"},"function":{"name":"us-central1-app"},"extension":{},"message":"\u001b[90m> \u001b[39m   'cmsClient.js.map',"}}
[info] >    'index.html', {"user":"  'index.html',","metadata":{"emulator":{"name":"functions"},"function":{"name":"us-central1-app"},"extension":{},"message":"\u001b[90m> \u001b[39m   'index.html',"}}
[info] >    'index.js', {"user":"  'index.js',","metadata":{"emulator":{"name":"functions"},"function":{"name":"us-central1-app"},"extension":{},"message":"\u001b[90m> \u001b[39m   'index.js',"}}
[info] >    'index.js.map', {"user":"  'index.js.map',","metadata":{"emulator":{"name":"functions"},"function":{"name":"us-central1-app"},"extension":{},"message":"\u001b[90m> \u001b[39m   'index.js.map',"}}
[info] >    'logClient.js', {"user":"  'logClient.js',","metadata":{"emulator":{"name":"functions"},"function":{"name":"us-central1-app"},"extension":{},"message":"\u001b[90m> \u001b[39m   'logClient.js',"}}
[info] >    'logClient.js.map', {"user":"  'logClient.js.map',","metadata":{"emulator":{"name":"functions"},"function":{"name":"us-central1-app"},"extension":{},"message":"\u001b[90m> \u001b[39m   'logClient.js.map',"}}
[info] >    'sanityClient.js', {"user":"  'sanityClient.js',","metadata":{"emulator":{"name":"functions"},"function":{"name":"us-central1-app"},"extension":{},"message":"\u001b[90m> \u001b[39m   'sanityClient.js',"}}
[info] >    'sanityClient.js.map' {"user":"  'sanityClient.js.map'","metadata":{"emulator":{"name":"functions"},"function":{"name":"us-central1-app"},"extension":{},"message":"\u001b[90m> \u001b[39m   'sanityClient.js.map'"}}
[info] >  ] {"user":"]","metadata":{"emulator":{"name":"functions"},"function":{"name":"us-central1-app"},"extension":{},"message":"\u001b[90m> \u001b[39m ]"}}
[debug] [2022-10-16T18:00:42.499Z] [runtime-status] [35009] Functions runtime initialized. {"cwd":"/Users/terrelltrapperkeepersingleton/Documents/GitHub/transformHW/functions","node_version":"18.10.0"} {"metadata":{"emulator":{"name":"functions"},"function":{"name":"us-central1-app"},"extension":{},"message":"[runtime-status] [35009] Functions runtime initialized. {\"cwd\":\"/Users/terrelltrapperkeepersingleton/Documents/GitHub/transformHW/functions\",\"node_version\":\"18.10.0\"}"}}
[debug] [2022-10-16T18:00:42.499Z] [runtime-status] [35009] Listening to port: /var/folders/x9/x6rqly_n5v36sgtmbjyz_p600000gn/T/fire_emu_be0521b3b3ac6e0b.sock {"metadata":{"emulator":{"name":"functions"},"function":{"name":"us-central1-app"},"extension":{},"message":"[runtime-status] [35009] Listening to port: /var/folders/x9/x6rqly_n5v36sgtmbjyz_p600000gn/T/fire_emu_be0521b3b3ac6e0b.sock"}}
[debug] [2022-10-16T18:00:42.510Z] [worker-pool] submitRequest(triggerId=us-central1-app) {"metadata":{"emulator":{"name":"functions"},"message":"[worker-pool] submitRequest(triggerId=us-central1-app)"}}
[debug] [2022-10-16T18:00:42.510Z] [worker-us-central1-app-2236ce13-d252-475c-b67b-36c5ad892264]: BUSY {"metadata":{"emulator":{"name":"functions"},"message":"[worker-us-central1-app-2236ce13-d252-475c-b67b-36c5ad892264]: BUSY"}}
[info] i  functions: Beginning execution of "app" {"metadata":{"emulator":{"name":"functions"},"function":{"name":"us-central1-app"},"extension":{},"message":"Beginning execution of \"app\""}}
[info] >  {"severity":"NOTICE","message":"checking allowlist, data:{}","component":"CORS"} {"user":{"severity":"NOTICE","message":"checking allowlist, data:{}","component":"CORS"},"metadata":{"emulator":{"name":"functions"},"function":{"name":"us-central1-app"},"extension":{},"message":"\u001b[90m> \u001b[39m {\"severity\":\"NOTICE\",\"message\":\"checking allowlist, data:{}\",\"component\":\"CORS\"}"}}
[info] >  {"severity":"NOTICE","message":"Logger Created by Req:, data:{}","component":"firebase-functions"} {"user":{"severity":"NOTICE","message":"Logger Created by Req:, data:{}","component":"firebase-functions"},"metadata":{"emulator":{"name":"functions"},"function":{"name":"us-central1-app"},"extension":{},"message":"\u001b[90m> \u001b[39m {\"severity\":\"NOTICE\",\"message\":\"Logger Created by Req:, data:{}\",\"component\":\"firebase-functions\"}"}}
[info] >  {"severity":"NOTICE","message":"Hello from the Server Siiiiiide, data:{\"0\":\"transformative-healing-and-wellness/coming-soon\"}","component":"server-side"} {"user":{"severity":"NOTICE","message":"Hello from the Server Siiiiiide, data:{\"0\":\"transformative-healing-and-wellness/coming-soon\"}","component":"server-side"},"metadata":{"emulator":{"name":"functions"},"function":{"name":"us-central1-app"},"extension":{},"message":"\u001b[90m> \u001b[39m {\"severity\":\"NOTICE\",\"message\":\"Hello from the Server Siiiiiide, data:{\\\"0\\\":\\\"transformative-healing-and-wellness/coming-soon\\\"}\",\"component\":\"server-side\"}"}}
[info] >  {"severity":"NOTICE","message":"index path, data:\"/Users/terrelltrapperkeepersingleton/Documents/GitHub/transformHW/functions/lib/functions/src/index.html\"","component":"server-side"} {"user":{"severity":"NOTICE","message":"index path, data:\"/Users/terrelltrapperkeepersingleton/Documents/GitHub/transformHW/functions/lib/functions/src/index.html\"","component":"server-side"},"metadata":{"emulator":{"name":"functions"},"function":{"name":"us-central1-app"},"extension":{},"message":"\u001b[90m> \u001b[39m {\"severity\":\"NOTICE\",\"message\":\"index path, data:\\\"/Users/terrelltrapperkeepersingleton/Documents/GitHub/transformHW/functions/lib/functions/src/index.html\\\"\",\"component\":\"server-side\"}"}}
[info] >  {"severity":"NOTICE","message":"Loading this page from sanity, data:\"coming-soon\"","component":"server-side"} {"user":{"severity":"NOTICE","message":"Loading this page from sanity, data:\"coming-soon\"","component":"server-side"},"metadata":{"emulator":{"name":"functions"},"function":{"name":"us-central1-app"},"extension":{},"message":"\u001b[90m> \u001b[39m {\"severity\":\"NOTICE\",\"message\":\"Loading this page from sanity, data:\\\"coming-soon\\\"\",\"component\":\"server-side\"}"}}
[warn] ⚠  External network resource requested!
   - URL: "https://4u89wsbx.api.sanity.io/v2021-03-25/data/query/development?query=*%5Bslug.current%20%3D%3D%20%24pageSlug%5D%7B%0A%20%20%20%20%20%20%20%20%20%20%0A%20%20%20%20%20%20%20%20%20%20title%2C%0A%20%20%20%20%20%20%20%20%20%20isUnderConstruction%2C%0A%20%20%20%20%20%20%20%20%20%20releaseDate%2C%0A%20%20%20%20%20%20%20%20%20%20slug%2C%0A%20%20%20%20%20%20%20%20%20%20description%2C%0A%20%20%20%20%20%20%20%20%20%20metaImage%2C%0A%20%20%20%20%20%20%20%20%20%20pageContent%2C%0A%20%20%20%20%20%20%20%20%20%20structuredData%2C%0A%20%20%20%20%20%20%20%20%20%20facebook%2C%0A%20%20%20%20%20%20%20%20%20%20facebookIconSrc%7B%0A%20%20%20%20%20%20%20%20%20%20%20%20asset-%3E%7B%0A%20%20%20%20%20%20%20%20%20%20%20%20%20%20_id%2C%0A%20%20%20%20%20%20%20%20%20%20%20%20%20%20url%2C%0A%20%20%20%20%20%20%20%20%20%20%20%20%20%20altText%0A%20%20%20%20%20%20%20%20%20%20%20%20%20%7D%0A%20%20%20%20%20%20%20%20%20%20%7D%2C%0A%20%20%20%20%20%20%20%20%20%20twitter%2C%0A%20%20%20%20%20%20%20%20%20%20twitterIconSrc%7B%0A%20%20%20%20%20%20%20%20%20%20%20%20asset-%3E%7B%0A%20%20%20%20%20%20%20%20%20%20%20%20%20%20_id%2C%0A%20%20%20%20%20%20%20%20%20%20%20%20%20%20url%2C%0A%20%20%20%20%20%20%20%20%20%20%20%20%20%20altText%0A%20%20%20%20%20%20%20%20%20%20%20%20%20%7D%0A%20%20%20%20%20%20%20%20%20%20%7D%2C%0A%20%20%20%20%20%20%20%20%20%20instagram%2C%0A%20%20%20%20%20%20%20%20%20%20instagramIconSrc%7B%0A%20%20%20%20%20%20%20%20%20%20%20%20asset-%3E%7B%0A%20%20%20%20%20%20%20%20%20%20%20%20%20%20_id%2C%0A%20%20%20%20%20%20%20%20%20%20%20%20%20%20url%2C%0A%20%20%20%20%20%20%20%20%20%20%20%20%20%20altText%0A%20%20%20%20%20%20%20%20%20%20%20%20%20%7D%0A%20%20%20%20%20%20%20%20%20%20%7D%2C%0A%20%20%20%20%20%20%20%20%20%20androidPlayStoreLink%2C%0A%20%20%20%20%20%20%20%20%20%20androidPlayStoreIconSrc%7B%0A%20%20%20%20%20%20%20%20%20%20%20%20asset-%3E%7B%0A%20%20%20%20%20%20%20%20%20%20%20%20%20%20_id%2C%0A%20%20%20%20%20%20%20%20%20%20%20%20%20%20url%2C%0A%20%20%20%20%20%20%20%20%20%20%20%20%20%20altText%0A%20%20%20%20%20%20%20%20%20%20%20%20%20%7D%0A%20%20%20%20%20%20%20%20%20%20%7D%2C%0A%20%20%20%20%20%20%20%20%20%20appStoreLink%2C%0A%20%20%20%20%20%20%20%20%20%20appStoreIconSrc%7B%0A%20%20%20%20%20%20%20%20%20%20%20%20asset-%3E%7B%0A%20%20%20%20%20%20%20%20%20%20%20%20%20%20_id%2C%0A%20%20%20%20%20%20%20%20%20%20%20%20%20%20url%2C%0A%20%20%20%20%20%20%20%20%20%20%20%20%20%20altText%0A%20%20%20%20%20%20%20%20%20%20%20%20%20%7D%0A%20%20%20%20%20%20%20%20%20%20%7D%2C%0A%20%20%20%20%20%20%20%20%20%20fdicImage%7B%0A%20%20%20%20%20%20%20%20%20%20%20%20asset-%3E%7B%0A%20%20%20%20%20%20%20%20%20%20%20%20%20%20_id%2C%0A%20%20%20%20%20%20%20%20%20%20%20%20%20%20url%2C%0A%20%20%20%20%20%20%20%20%20%20%20%20%20%20altText%0A%20%20%20%20%20%20%20%20%20%20%20%20%20%7D%0A%20%20%20%20%20%20%20%20%20%20%7D%2C%0A%20%20%20%20%20%20%20%20%20%20fdicDisclaimer%0A%0A%20%20%20%20%20%20%20%7D&%24pageSlug=%22coming-soon%22"
 - Be careful, this may be a production service. {"metadata":{"emulator":{"name":"functions"},"function":{"name":"us-central1-app"},"extension":{},"message":"External network resource requested!\n   - URL: \"https://4u89wsbx.api.sanity.io/v2021-03-25/data/query/development?query=*%5Bslug.current%20%3D%3D%20%24pageSlug%5D%7B%0A%20%20%20%20%20%20%20%20%20%20%0A%20%20%20%20%20%20%20%20%20%20title%2C%0A%20%20%20%20%20%20%20%20%20%20isUnderConstruction%2C%0A%20%20%20%20%20%20%20%20%20%20releaseDate%2C%0A%20%20%20%20%20%20%20%20%20%20slug%2C%0A%20%20%20%20%20%20%20%20%20%20description%2C%0A%20%20%20%20%20%20%20%20%20%20metaImage%2C%0A%20%20%20%20%20%20%20%20%20%20pageContent%2C%0A%20%20%20%20%20%20%20%20%20%20structuredData%2C%0A%20%20%20%20%20%20%20%20%20%20facebook%2C%0A%20%20%20%20%20%20%20%20%20%20facebookIconSrc%7B%0A%20%20%20%20%20%20%20%20%20%20%20%20asset-%3E%7B%0A%20%20%20%20%20%20%20%20%20%20%20%20%20%20_id%2C%0A%20%20%20%20%20%20%20%20%20%20%20%20%20%20url%2C%0A%20%20%20%20%20%20%20%20%20%20%20%20%20%20altText%0A%20%20%20%20%20%20%20%20%20%20%20%20%20%7D%0A%20%20%20%20%20%20%20%20%20%20%7D%2C%0A%20%20%20%20%20%20%20%20%20%20twitter%2C%0A%20%20%20%20%20%20%20%20%20%20twitterIconSrc%7B%0A%20%20%20%20%20%20%20%20%20%20%20%20asset-%3E%7B%0A%20%20%20%20%20%20%20%20%20%20%20%20%20%20_id%2C%0A%20%20%20%20%20%20%20%20%20%20%20%20%20%20url%2C%0A%20%20%20%20%20%20%20%20%20%20%20%20%20%20altText%0A%20%20%20%20%20%20%20%20%20%20%20%20%20%7D%0A%20%20%20%20%20%20%20%20%20%20%7D%2C%0A%20%20%20%20%20%20%20%20%20%20instagram%2C%0A%20%20%20%20%20%20%20%20%20%20instagramIconSrc%7B%0A%20%20%20%20%20%20%20%20%20%20%20%20asset-%3E%7B%0A%20%20%20%20%20%20%20%20%20%20%20%20%20%20_id%2C%0A%20%20%20%20%20%20%20%20%20%20%20%20%20%20url%2C%0A%20%20%20%20%20%20%20%20%20%20%20%20%20%20altText%0A%20%20%20%20%20%20%20%20%20%20%20%20%20%7D%0A%20%20%20%20%20%20%20%20%20%20%7D%2C%0A%20%20%20%20%20%20%20%20%20%20androidPlayStoreLink%2C%0A%20%20%20%20%20%20%20%20%20%20androidPlayStoreIconSrc%7B%0A%20%20%20%20%20%20%20%20%20%20%20%20asset-%3E%7B%0A%20%20%20%20%20%20%20%20%20%20%20%20%20%20_id%2C%0A%20%20%20%20%20%20%20%20%20%20%20%20%20%20url%2C%0A%20%20%20%20%20%20%20%20%20%20%20%20%20%20altText%0A%20%20%20%20%20%20%20%20%20%20%20%20%20%7D%0A%20%20%20%20%20%20%20%20%20%20%7D%2C%0A%20%20%20%20%20%20%20%20%20%20appStoreLink%2C%0A%20%20%20%20%20%20%20%20%20%20appStoreIconSrc%7B%0A%20%20%20%20%20%20%20%20%20%20%20%20asset-%3E%7B%0A%20%20%20%20%20%20%20%20%20%20%20%20%20%20_id%2C%0A%20%20%20%20%20%20%20%20%20%20%20%20%20%20url%2C%0A%20%20%20%20%20%20%20%20%20%20%20%20%20%20altText%0A%20%20%20%20%20%20%20%20%20%20%20%20%20%7D%0A%20%20%20%20%20%20%20%20%20%20%7D%2C%0A%20%20%20%20%20%20%20%20%20%20fdicImage%7B%0A%20%20%20%20%20%20%20%20%20%20%20%20asset-%3E%7B%0A%20%20%20%20%20%20%20%20%20%20%20%20%20%20_id%2C%0A%20%20%20%20%20%20%20%20%20%20%20%20%20%20url%2C%0A%20%20%20%20%20%20%20%20%20%20%20%20%20%20altText%0A%20%20%20%20%20%20%20%20%20%20%20%20%20%7D%0A%20%20%20%20%20%20%20%20%20%20%7D%2C%0A%20%20%20%20%20%20%20%20%20%20fdicDisclaimer%0A%0A%20%20%20%20%20%20%20%7D&%24pageSlug=%22coming-soon%22\"\n - Be careful, this may be a production service."}}
[info] >  {"severity":"NOTICE","message":"fetched page, data:{\"pageSlug\":\"coming-soon\",\"page\":{\"androidPlayStoreIconSrc\":null,\"androidPlayStoreLink\":null,\"appStoreIconSrc\":null,\"appStoreLink\":null,\"description\":\" To provide innovative and alternative services in an effort to help those seeking change to live a meaningful and fulfilling life. To help them to cultivate their best self as they work towards enhancing their life experiences. To raise the awareness and the importance of Mental Health and Wellness.\",\"facebook\":\"transformHW\",\"facebookIconSrc\":null,\"fdicDisclaimer\":null,\"fdicImage\":null,\"instagram\":\"TransformativeHealingAndWellness\",\"instagramIconSrc\":null,\"isUnderConstruction\":true,\"metaImage\":{\"_type\":\"image\",\"asset\":{\"_ref\":\"image-19ec2e026285aa2d7bf3e9e3ec3e73feafe4ca49-3000x3000-jpg\",\"_type\":\"reference\"}},\"pageContent\":null,\"releaseDate\":\"2022-11-10\",\"slug\":{\"_type\":\"slug\",\"current\":\"coming-soon\"},\"structuredData\":null,\"title\":\"Transformative Healing & Wellness\",\"twitter\":\"transform_hw\",\"twitterIconSrc\":null}}","component":"fetchPage"} {"user":{"severity":"NOTICE","message":"fetched page, data:{\"pageSlug\":\"coming-soon\",\"page\":{\"androidPlayStoreIconSrc\":null,\"androidPlayStoreLink\":null,\"appStoreIconSrc\":null,\"appStoreLink\":null,\"description\":\" To provide innovative and alternative services in an effort to help those seeking change to live a meaningful and fulfilling life. To help them to cultivate their best self as they work towards enhancing their life experiences. To raise the awareness and the importance of Mental Health and Wellness.\",\"facebook\":\"transformHW\",\"facebookIconSrc\":null,\"fdicDisclaimer\":null,\"fdicImage\":null,\"instagram\":\"TransformativeHealingAndWellness\",\"instagramIconSrc\":null,\"isUnderConstruction\":true,\"metaImage\":{\"_type\":\"image\",\"asset\":{\"_ref\":\"image-19ec2e026285aa2d7bf3e9e3ec3e73feafe4ca49-3000x3000-jpg\",\"_type\":\"reference\"}},\"pageContent\":null,\"releaseDate\":\"2022-11-10\",\"slug\":{\"_type\":\"slug\",\"current\":\"coming-soon\"},\"structuredData\":null,\"title\":\"Transformative Healing & Wellness\",\"twitter\":\"transform_hw\",\"twitterIconSrc\":null}}","component":"fetchPage"},"metadata":{"emulator":{"name":"functions"},"function":{"name":"us-central1-app"},"extension":{},"message":"\u001b[90m> \u001b[39m {\"severity\":\"NOTICE\",\"message\":\"fetched page, data:{\\\"pageSlug\\\":\\\"coming-soon\\\",\\\"page\\\":{\\\"androidPlayStoreIconSrc\\\":null,\\\"androidPlayStoreLink\\\":null,\\\"appStoreIconSrc\\\":null,\\\"appStoreLink\\\":null,\\\"description\\\":\\\" To provide innovative and alternative services in an effort to help those seeking change to live a meaningful and fulfilling life. To help them to cultivate their best self as they work towards enhancing their life experiences. To raise the awareness and the importance of Mental Health and Wellness.\\\",\\\"facebook\\\":\\\"transformHW\\\",\\\"facebookIconSrc\\\":null,\\\"fdicDisclaimer\\\":null,\\\"fdicImage\\\":null,\\\"instagram\\\":\\\"TransformativeHealingAndWellness\\\",\\\"instagramIconSrc\\\":null,\\\"isUnderConstruction\\\":true,\\\"metaImage\\\":{\\\"_type\\\":\\\"image\\\",\\\"asset\\\":{\\\"_ref\\\":\\\"image-19ec2e026285aa2d7bf3e9e3ec3e73feafe4ca49-3000x3000-jpg\\\",\\\"_type\\\":\\\"reference\\\"}},\\\"pageContent\\\":null,\\\"releaseDate\\\":\\\"2022-11-10\\\",\\\"slug\\\":{\\\"_type\\\":\\\"slug\\\",\\\"current\\\":\\\"coming-soon\\\"},\\\"structuredData\\\":null,\\\"title\\\":\\\"Transformative Healing & Wellness\\\",\\\"twitter\\\":\\\"transform_hw\\\",\\\"twitterIconSrc\\\":null}}\",\"component\":\"fetchPage\"}"}}
[info] >  IMAGE URL https://cdn.sanity.io/images/4u89wsbx/development/19ec2e026285aa2d7bf3e9e3ec3e73feafe4ca49-3000x3000.jpg {"user":"IMAGE URL https://cdn.sanity.io/images/4u89wsbx/development/19ec2e026285aa2d7bf3e9e3ec3e73feafe4ca49-3000x3000.jpg","metadata":{"emulator":{"name":"functions"},"function":{"name":"us-central1-app"},"extension":{},"message":"\u001b[90m> \u001b[39m IMAGE URL https://cdn.sanity.io/images/4u89wsbx/development/19ec2e026285aa2d7bf3e9e3ec3e73feafe4ca49-3000x3000.jpg"}}
[info] >  {"severity":"NOTICE","message":"MetaTag Data, data:{\"ogTitle\":\"Transformative Healing & Wellness\",\"description\":\" To provide innovative and alternative services in an effort to help those seeking change to live a meaningful and fulfilling life. To help them to cultivate their best self as they work towards enhancing their life experiences. To raise the awareness and the importance of Mental Health and Wellness.\",\"ogDescription\":\" To provide innovative and alternative services in an effort to help those seeking change to live a meaningful and fulfilling life. To help them to cultivate their best self as they work towards enhancing their life experiences. To raise the awareness and the importance of Mental Health and Wellness.\",\"ogImage\":\"https://cdn.sanity.io/images/4u89wsbx/development/19ec2e026285aa2d7bf3e9e3ec3e73feafe4ca49-3000x3000.jpg\"}","component":"server-side"} {"user":{"severity":"NOTICE","message":"MetaTag Data, data:{\"ogTitle\":\"Transformative Healing & Wellness\",\"description\":\" To provide innovative and alternative services in an effort to help those seeking change to live a meaningful and fulfilling life. To help them to cultivate their best self as they work towards enhancing their life experiences. To raise the awareness and the importance of Mental Health and Wellness.\",\"ogDescription\":\" To provide innovative and alternative services in an effort to help those seeking change to live a meaningful and fulfilling life. To help them to cultivate their best self as they work towards enhancing their life experiences. To raise the awareness and the importance of Mental Health and Wellness.\",\"ogImage\":\"https://cdn.sanity.io/images/4u89wsbx/development/19ec2e026285aa2d7bf3e9e3ec3e73feafe4ca49-3000x3000.jpg\"}","component":"server-side"},"metadata":{"emulator":{"name":"functions"},"function":{"name":"us-central1-app"},"extension":{},"message":"\u001b[90m> \u001b[39m {\"severity\":\"NOTICE\",\"message\":\"MetaTag Data, data:{\\\"ogTitle\\\":\\\"Transformative Healing & Wellness\\\",\\\"description\\\":\\\" To provide innovative and alternative services in an effort to help those seeking change to live a meaningful and fulfilling life. To help them to cultivate their best self as they work towards enhancing their life experiences. To raise the awareness and the importance of Mental Health and Wellness.\\\",\\\"ogDescription\\\":\\\" To provide innovative and alternative services in an effort to help those seeking change to live a meaningful and fulfilling life. To help them to cultivate their best self as they work towards enhancing their life experiences. To raise the awareness and the importance of Mental Health and Wellness.\\\",\\\"ogImage\\\":\\\"https://cdn.sanity.io/images/4u89wsbx/development/19ec2e026285aa2d7bf3e9e3ec3e73feafe4ca49-3000x3000.jpg\\\"}\",\"component\":\"server-side\"}"}}
[debug] [2022-10-16T18:00:42.963Z] [worker-us-central1-app-2236ce13-d252-475c-b67b-36c5ad892264]: IDLE {"metadata":{"emulator":{"name":"functions"},"message":"[worker-us-central1-app-2236ce13-d252-475c-b67b-36c5ad892264]: IDLE"}}
[debug] [2022-10-16T18:00:42.963Z] [work-queue] {"queueLength":0,"workRunningCount":0}
[info] i  functions: Finished "app" in 449.005334ms {"metadata":{"emulator":{"name":"functions"},"function":{"name":"us-central1-app"},"extension":{},"message":"Finished \"app\" in 449.005334ms"}}
[debug] [2022-10-16T18:00:42.964Z] <<< [apiv2][status] GET http://localhost:5001/transform-hw/us-central1/app/transformative-healing-and-wellness/coming-soon 200
[debug] [2022-10-16T18:00:42.965Z] <<< [apiv2][body] GET http://localhost:5001/transform-hw/us-central1/app/transformative-healing-and-wellness/coming-soon [stream]
[info] i  hosting: 127.0.0.1 - - [16/Oct/2022:18:00:42 +0000] "GET /transformative-healing-and-wellness/coming-soon HTTP/1.1" 200 4116 "-" "Mozilla/5.0 (Macintosh; Intel Mac OS X 10_15_7) AppleWebKit/537.36 (KHTML, like Gecko) Chrome/106.0.0.0 Safari/537.36" {"metadata":{"emulator":{"name":"hosting"},"message":"127.0.0.1 - - [16/Oct/2022:18:00:42 +0000] \"GET /transformative-healing-and-wellness/coming-soon HTTP/1.1\" 200 4116 \"-\" \"Mozilla/5.0 (Macintosh; Intel Mac OS X 10_15_7) AppleWebKit/537.36 (KHTML, like Gecko) Chrome/106.0.0.0 Safari/537.36\""}}
[info] i  hosting: 127.0.0.1 - - [16/Oct/2022:18:00:42 +0000] "GET /static/css/main.a617e044.chunk.css HTTP/1.1" 200 - "http://localhost:5002/transformative-healing-and-wellness/coming-soon" "Mozilla/5.0 (Macintosh; Intel Mac OS X 10_15_7) AppleWebKit/537.36 (KHTML, like Gecko) Chrome/106.0.0.0 Safari/537.36" {"metadata":{"emulator":{"name":"hosting"},"message":"127.0.0.1 - - [16/Oct/2022:18:00:42 +0000] \"GET /static/css/main.a617e044.chunk.css HTTP/1.1\" 200 - \"http://localhost:5002/transformative-healing-and-wellness/coming-soon\" \"Mozilla/5.0 (Macintosh; Intel Mac OS X 10_15_7) AppleWebKit/537.36 (KHTML, like Gecko) Chrome/106.0.0.0 Safari/537.36\""}}
[info] i  hosting: 127.0.0.1 - - [16/Oct/2022:18:00:43 +0000] "GET /static/js/main.648d6347.chunk.js HTTP/1.1" 200 - "http://localhost:5002/transformative-healing-and-wellness/coming-soon" "Mozilla/5.0 (Macintosh; Intel Mac OS X 10_15_7) AppleWebKit/537.36 (KHTML, like Gecko) Chrome/106.0.0.0 Safari/537.36" {"metadata":{"emulator":{"name":"hosting"},"message":"127.0.0.1 - - [16/Oct/2022:18:00:43 +0000] \"GET /static/js/main.648d6347.chunk.js HTTP/1.1\" 200 - \"http://localhost:5002/transformative-healing-and-wellness/coming-soon\" \"Mozilla/5.0 (Macintosh; Intel Mac OS X 10_15_7) AppleWebKit/537.36 (KHTML, like Gecko) Chrome/106.0.0.0 Safari/537.36\""}}
[info] i  hosting: 127.0.0.1 - - [16/Oct/2022:18:00:43 +0000] "GET /static/css/main.a617e044.chunk.css.map HTTP/1.1" 200 - "-" "Mozilla/5.0 (Macintosh; Intel Mac OS X 10_15_7) AppleWebKit/537.36 (KHTML, like Gecko) Chrome/106.0.0.0 Safari/537.36" {"metadata":{"emulator":{"name":"hosting"},"message":"127.0.0.1 - - [16/Oct/2022:18:00:43 +0000] \"GET /static/css/main.a617e044.chunk.css.map HTTP/1.1\" 200 - \"-\" \"Mozilla/5.0 (Macintosh; Intel Mac OS X 10_15_7) AppleWebKit/537.36 (KHTML, like Gecko) Chrome/106.0.0.0 Safari/537.36\""}}
[info] i  hosting: 127.0.0.1 - - [16/Oct/2022:18:00:43 +0000] "GET /static/js/2.03c0941f.chunk.js HTTP/1.1" 200 - "http://localhost:5002/transformative-healing-and-wellness/coming-soon" "Mozilla/5.0 (Macintosh; Intel Mac OS X 10_15_7) AppleWebKit/537.36 (KHTML, like Gecko) Chrome/106.0.0.0 Safari/537.36" {"metadata":{"emulator":{"name":"hosting"},"message":"127.0.0.1 - - [16/Oct/2022:18:00:43 +0000] \"GET /static/js/2.03c0941f.chunk.js HTTP/1.1\" 200 - \"http://localhost:5002/transformative-healing-and-wellness/coming-soon\" \"Mozilla/5.0 (Macintosh; Intel Mac OS X 10_15_7) AppleWebKit/537.36 (KHTML, like Gecko) Chrome/106.0.0.0 Safari/537.36\""}}
[info] i  hosting: 127.0.0.1 - - [16/Oct/2022:18:00:43 +0000] "GET /static/js/2.03c0941f.chunk.js.map HTTP/1.1" 200 - "-" "Mozilla/5.0 (Macintosh; Intel Mac OS X 10_15_7) AppleWebKit/537.36 (KHTML, like Gecko) Chrome/106.0.0.0 Safari/537.36" {"metadata":{"emulator":{"name":"hosting"},"message":"127.0.0.1 - - [16/Oct/2022:18:00:43 +0000] \"GET /static/js/2.03c0941f.chunk.js.map HTTP/1.1\" 200 - \"-\" \"Mozilla/5.0 (Macintosh; Intel Mac OS X 10_15_7) AppleWebKit/537.36 (KHTML, like Gecko) Chrome/106.0.0.0 Safari/537.36\""}}
[info] i  hosting: 127.0.0.1 - - [16/Oct/2022:18:00:43 +0000] "GET /static/js/main.648d6347.chunk.js.map HTTP/1.1" 200 - "-" "Mozilla/5.0 (Macintosh; Intel Mac OS X 10_15_7) AppleWebKit/537.36 (KHTML, like Gecko) Chrome/106.0.0.0 Safari/537.36" {"metadata":{"emulator":{"name":"hosting"},"message":"127.0.0.1 - - [16/Oct/2022:18:00:43 +0000] \"GET /static/js/main.648d6347.chunk.js.map HTTP/1.1\" 200 - \"-\" \"Mozilla/5.0 (Macintosh; Intel Mac OS X 10_15_7) AppleWebKit/537.36 (KHTML, like Gecko) Chrome/106.0.0.0 Safari/537.36\""}}
[info] i  hosting: 127.0.0.1 - - [16/Oct/2022:18:00:43 +0000] "GET /manifest.json HTTP/1.1" 200 389 "http://localhost:5002/transformative-healing-and-wellness/coming-soon" "Mozilla/5.0 (Macintosh; Intel Mac OS X 10_15_7) AppleWebKit/537.36 (KHTML, like Gecko) Chrome/106.0.0.0 Safari/537.36" {"metadata":{"emulator":{"name":"hosting"},"message":"127.0.0.1 - - [16/Oct/2022:18:00:43 +0000] \"GET /manifest.json HTTP/1.1\" 200 389 \"http://localhost:5002/transformative-healing-and-wellness/coming-soon\" \"Mozilla/5.0 (Macintosh; Intel Mac OS X 10_15_7) AppleWebKit/537.36 (KHTML, like Gecko) Chrome/106.0.0.0 Safari/537.36\""}}
[info] i  hosting: 127.0.0.1 - - [16/Oct/2022:18:00:43 +0000] "GET /favicon.ico HTTP/1.1" 200 - "http://localhost:5002/transformative-healing-and-wellness/coming-soon" "Mozilla/5.0 (Macintosh; Intel Mac OS X 10_15_7) AppleWebKit/537.36 (KHTML, like Gecko) Chrome/106.0.0.0 Safari/537.36" {"metadata":{"emulator":{"name":"hosting"},"message":"127.0.0.1 - - [16/Oct/2022:18:00:43 +0000] \"GET /favicon.ico HTTP/1.1\" 200 - \"http://localhost:5002/transformative-healing-and-wellness/coming-soon\" \"Mozilla/5.0 (Macintosh; Intel Mac OS X 10_15_7) AppleWebKit/537.36 (KHTML, like Gecko) Chrome/106.0.0.0 Safari/537.36\""}}
[info] i  hosting: 127.0.0.1 - - [16/Oct/2022:18:00:43 +0000] "GET /static/media/Poppins-Medium.9e1bb626.ttf HTTP/1.1" 200 - "http://localhost:5002/transformative-healing-and-wellness/coming-soon" "Mozilla/5.0 (Macintosh; Intel Mac OS X 10_15_7) AppleWebKit/537.36 (KHTML, like Gecko) Chrome/106.0.0.0 Safari/537.36" {"metadata":{"emulator":{"name":"hosting"},"message":"127.0.0.1 - - [16/Oct/2022:18:00:43 +0000] \"GET /static/media/Poppins-Medium.9e1bb626.ttf HTTP/1.1\" 200 - \"http://localhost:5002/transformative-healing-and-wellness/coming-soon\" \"Mozilla/5.0 (Macintosh; Intel Mac OS X 10_15_7) AppleWebKit/537.36 (KHTML, like Gecko) Chrome/106.0.0.0 Safari/537.36\""}}
[info] i  hosting: 127.0.0.1 - - [16/Oct/2022:18:00:43 +0000] "GET /static/media/therapistHoldingHand.b90f5b9f.jpg HTTP/1.1" 200 5152278 "http://localhost:5002/transformative-healing-and-wellness/coming-soon" "Mozilla/5.0 (Macintosh; Intel Mac OS X 10_15_7) AppleWebKit/537.36 (KHTML, like Gecko) Chrome/106.0.0.0 Safari/537.36" {"metadata":{"emulator":{"name":"hosting"},"message":"127.0.0.1 - - [16/Oct/2022:18:00:43 +0000] \"GET /static/media/therapistHoldingHand.b90f5b9f.jpg HTTP/1.1\" 200 5152278 \"http://localhost:5002/transformative-healing-and-wellness/coming-soon\" \"Mozilla/5.0 (Macintosh; Intel Mac OS X 10_15_7) AppleWebKit/537.36 (KHTML, like Gecko) Chrome/106.0.0.0 Safari/537.36\""}}
[info] [hosting] Rewriting /transformative-healing-and-wellness/coming-soon to http://localhost:5001/transform-hw/us-central1/app for local Function us-central1/app
[debug] [2022-10-16T18:42:25.761Z] >>> [apiv2][query] GET http://localhost:5001/transform-hw/us-central1/app/transformative-healing-and-wellness/coming-soon 
[debug] [2022-10-16T18:42:25.765Z] [work-queue] {"queueLength":1,"workRunningCount":0}
[debug] [2022-10-16T18:42:25.766Z] [work-queue] {"queueLength":0,"workRunningCount":1}
[debug] [2022-10-16T18:42:25.766Z] Accepted request GET /transform-hw/us-central1/app/transformative-healing-and-wellness/coming-soon --> us-central1-app
[debug] [2022-10-16T18:42:25.771Z] [functions] Runtime ready! Sending request! {"metadata":{"emulator":{"name":"functions"},"message":"[functions] Runtime ready! Sending request!"}}
[debug] [2022-10-16T18:42:25.771Z] [functions] Got req.url=/transform-hw/us-central1/app/transformative-healing-and-wellness/coming-soon, mapping to path=/transformative-healing-and-wellness/coming-soon {"metadata":{"emulator":{"name":"functions"},"message":"[functions] Got req.url=/transform-hw/us-central1/app/transformative-healing-and-wellness/coming-soon, mapping to path=/transformative-healing-and-wellness/coming-soon"}}
[debug] [2022-10-16T18:42:25.772Z] [worker-pool] submitRequest(triggerId=us-central1-app) {"metadata":{"emulator":{"name":"functions"},"message":"[worker-pool] submitRequest(triggerId=us-central1-app)"}}
[debug] [2022-10-16T18:42:25.772Z] [worker-us-central1-app-2236ce13-d252-475c-b67b-36c5ad892264]: BUSY {"metadata":{"emulator":{"name":"functions"},"message":"[worker-us-central1-app-2236ce13-d252-475c-b67b-36c5ad892264]: BUSY"}}
[info] i  functions: Beginning execution of "app" {"metadata":{"emulator":{"name":"functions"},"function":{"name":"us-central1-app"},"extension":{},"message":"Beginning execution of \"app\""}}
[info] >  {"severity":"NOTICE","message":"checking allowlist, data:{}","component":"CORS"} {"user":{"severity":"NOTICE","message":"checking allowlist, data:{}","component":"CORS"},"metadata":{"emulator":{"name":"functions"},"function":{"name":"us-central1-app"},"extension":{},"message":"\u001b[90m> \u001b[39m {\"severity\":\"NOTICE\",\"message\":\"checking allowlist, data:{}\",\"component\":\"CORS\"}"}}
[info] >  {"severity":"NOTICE","message":"Logger Created by Req:, data:{}","component":"firebase-functions"} {"user":{"severity":"NOTICE","message":"Logger Created by Req:, data:{}","component":"firebase-functions"},"metadata":{"emulator":{"name":"functions"},"function":{"name":"us-central1-app"},"extension":{},"message":"\u001b[90m> \u001b[39m {\"severity\":\"NOTICE\",\"message\":\"Logger Created by Req:, data:{}\",\"component\":\"firebase-functions\"}"}}
[info] >  {"severity":"NOTICE","message":"Hello from the Server Siiiiiide, data:{\"0\":\"transformative-healing-and-wellness/coming-soon\"}","component":"server-side"} {"user":{"severity":"NOTICE","message":"Hello from the Server Siiiiiide, data:{\"0\":\"transformative-healing-and-wellness/coming-soon\"}","component":"server-side"},"metadata":{"emulator":{"name":"functions"},"function":{"name":"us-central1-app"},"extension":{},"message":"\u001b[90m> \u001b[39m {\"severity\":\"NOTICE\",\"message\":\"Hello from the Server Siiiiiide, data:{\\\"0\\\":\\\"transformative-healing-and-wellness/coming-soon\\\"}\",\"component\":\"server-side\"}"}}
[info] >  {"severity":"NOTICE","message":"index path, data:\"/Users/terrelltrapperkeepersingleton/Documents/GitHub/transformHW/functions/lib/functions/src/index.html\"","component":"server-side"} {"user":{"severity":"NOTICE","message":"index path, data:\"/Users/terrelltrapperkeepersingleton/Documents/GitHub/transformHW/functions/lib/functions/src/index.html\"","component":"server-side"},"metadata":{"emulator":{"name":"functions"},"function":{"name":"us-central1-app"},"extension":{},"message":"\u001b[90m> \u001b[39m {\"severity\":\"NOTICE\",\"message\":\"index path, data:\\\"/Users/terrelltrapperkeepersingleton/Documents/GitHub/transformHW/functions/lib/functions/src/index.html\\\"\",\"component\":\"server-side\"}"}}
[info] >  {"severity":"NOTICE","message":"Loading this page from sanity, data:\"coming-soon\"","component":"server-side"} {"user":{"severity":"NOTICE","message":"Loading this page from sanity, data:\"coming-soon\"","component":"server-side"},"metadata":{"emulator":{"name":"functions"},"function":{"name":"us-central1-app"},"extension":{},"message":"\u001b[90m> \u001b[39m {\"severity\":\"NOTICE\",\"message\":\"Loading this page from sanity, data:\\\"coming-soon\\\"\",\"component\":\"server-side\"}"}}
[info] >  {"severity":"NOTICE","message":"fetched page, data:{\"pageSlug\":\"coming-soon\",\"page\":{\"androidPlayStoreIconSrc\":null,\"androidPlayStoreLink\":null,\"appStoreIconSrc\":null,\"appStoreLink\":null,\"description\":\" To provide innovative and alternative services in an effort to help those seeking change to live a meaningful and fulfilling life. To help them to cultivate their best self as they work towards enhancing their life experiences. To raise the awareness and the importance of Mental Health and Wellness.\",\"facebook\":\"transformHW\",\"facebookIconSrc\":null,\"fdicDisclaimer\":null,\"fdicImage\":null,\"instagram\":\"TransformativeHealingAndWellness\",\"instagramIconSrc\":null,\"isUnderConstruction\":true,\"metaImage\":{\"_type\":\"image\",\"asset\":{\"_ref\":\"image-19ec2e026285aa2d7bf3e9e3ec3e73feafe4ca49-3000x3000-jpg\",\"_type\":\"reference\"}},\"pageContent\":null,\"releaseDate\":\"2022-11-10\",\"slug\":{\"_type\":\"slug\",\"current\":\"coming-soon\"},\"structuredData\":null,\"title\":\"Transformative Healing & Wellness\",\"twitter\":\"transform_hw\",\"twitterIconSrc\":null}}","component":"fetchPage"} {"user":{"severity":"NOTICE","message":"fetched page, data:{\"pageSlug\":\"coming-soon\",\"page\":{\"androidPlayStoreIconSrc\":null,\"androidPlayStoreLink\":null,\"appStoreIconSrc\":null,\"appStoreLink\":null,\"description\":\" To provide innovative and alternative services in an effort to help those seeking change to live a meaningful and fulfilling life. To help them to cultivate their best self as they work towards enhancing their life experiences. To raise the awareness and the importance of Mental Health and Wellness.\",\"facebook\":\"transformHW\",\"facebookIconSrc\":null,\"fdicDisclaimer\":null,\"fdicImage\":null,\"instagram\":\"TransformativeHealingAndWellness\",\"instagramIconSrc\":null,\"isUnderConstruction\":true,\"metaImage\":{\"_type\":\"image\",\"asset\":{\"_ref\":\"image-19ec2e026285aa2d7bf3e9e3ec3e73feafe4ca49-3000x3000-jpg\",\"_type\":\"reference\"}},\"pageContent\":null,\"releaseDate\":\"2022-11-10\",\"slug\":{\"_type\":\"slug\",\"current\":\"coming-soon\"},\"structuredData\":null,\"title\":\"Transformative Healing & Wellness\",\"twitter\":\"transform_hw\",\"twitterIconSrc\":null}}","component":"fetchPage"},"metadata":{"emulator":{"name":"functions"},"function":{"name":"us-central1-app"},"extension":{},"message":"\u001b[90m> \u001b[39m {\"severity\":\"NOTICE\",\"message\":\"fetched page, data:{\\\"pageSlug\\\":\\\"coming-soon\\\",\\\"page\\\":{\\\"androidPlayStoreIconSrc\\\":null,\\\"androidPlayStoreLink\\\":null,\\\"appStoreIconSrc\\\":null,\\\"appStoreLink\\\":null,\\\"description\\\":\\\" To provide innovative and alternative services in an effort to help those seeking change to live a meaningful and fulfilling life. To help them to cultivate their best self as they work towards enhancing their life experiences. To raise the awareness and the importance of Mental Health and Wellness.\\\",\\\"facebook\\\":\\\"transformHW\\\",\\\"facebookIconSrc\\\":null,\\\"fdicDisclaimer\\\":null,\\\"fdicImage\\\":null,\\\"instagram\\\":\\\"TransformativeHealingAndWellness\\\",\\\"instagramIconSrc\\\":null,\\\"isUnderConstruction\\\":true,\\\"metaImage\\\":{\\\"_type\\\":\\\"image\\\",\\\"asset\\\":{\\\"_ref\\\":\\\"image-19ec2e026285aa2d7bf3e9e3ec3e73feafe4ca49-3000x3000-jpg\\\",\\\"_type\\\":\\\"reference\\\"}},\\\"pageContent\\\":null,\\\"releaseDate\\\":\\\"2022-11-10\\\",\\\"slug\\\":{\\\"_type\\\":\\\"slug\\\",\\\"current\\\":\\\"coming-soon\\\"},\\\"structuredData\\\":null,\\\"title\\\":\\\"Transformative Healing & Wellness\\\",\\\"twitter\\\":\\\"transform_hw\\\",\\\"twitterIconSrc\\\":null}}\",\"component\":\"fetchPage\"}"}}
[info] >  IMAGE URL https://cdn.sanity.io/images/4u89wsbx/development/19ec2e026285aa2d7bf3e9e3ec3e73feafe4ca49-3000x3000.jpg {"user":"IMAGE URL https://cdn.sanity.io/images/4u89wsbx/development/19ec2e026285aa2d7bf3e9e3ec3e73feafe4ca49-3000x3000.jpg","metadata":{"emulator":{"name":"functions"},"function":{"name":"us-central1-app"},"extension":{},"message":"\u001b[90m> \u001b[39m IMAGE URL https://cdn.sanity.io/images/4u89wsbx/development/19ec2e026285aa2d7bf3e9e3ec3e73feafe4ca49-3000x3000.jpg"}}
[info] >  {"severity":"NOTICE","message":"MetaTag Data, data:{\"ogTitle\":\"Transformative Healing & Wellness\",\"description\":\" To provide innovative and alternative services in an effort to help those seeking change to live a meaningful and fulfilling life. To help them to cultivate their best self as they work towards enhancing their life experiences. To raise the awareness and the importance of Mental Health and Wellness.\",\"ogDescription\":\" To provide innovative and alternative services in an effort to help those seeking change to live a meaningful and fulfilling life. To help them to cultivate their best self as they work towards enhancing their life experiences. To raise the awareness and the importance of Mental Health and Wellness.\",\"ogImage\":\"https://cdn.sanity.io/images/4u89wsbx/development/19ec2e026285aa2d7bf3e9e3ec3e73feafe4ca49-3000x3000.jpg\"}","component":"server-side"} {"user":{"severity":"NOTICE","message":"MetaTag Data, data:{\"ogTitle\":\"Transformative Healing & Wellness\",\"description\":\" To provide innovative and alternative services in an effort to help those seeking change to live a meaningful and fulfilling life. To help them to cultivate their best self as they work towards enhancing their life experiences. To raise the awareness and the importance of Mental Health and Wellness.\",\"ogDescription\":\" To provide innovative and alternative services in an effort to help those seeking change to live a meaningful and fulfilling life. To help them to cultivate their best self as they work towards enhancing their life experiences. To raise the awareness and the importance of Mental Health and Wellness.\",\"ogImage\":\"https://cdn.sanity.io/images/4u89wsbx/development/19ec2e026285aa2d7bf3e9e3ec3e73feafe4ca49-3000x3000.jpg\"}","component":"server-side"},"metadata":{"emulator":{"name":"functions"},"function":{"name":"us-central1-app"},"extension":{},"message":"\u001b[90m> \u001b[39m {\"severity\":\"NOTICE\",\"message\":\"MetaTag Data, data:{\\\"ogTitle\\\":\\\"Transformative Healing & Wellness\\\",\\\"description\\\":\\\" To provide innovative and alternative services in an effort to help those seeking change to live a meaningful and fulfilling life. To help them to cultivate their best self as they work towards enhancing their life experiences. To raise the awareness and the importance of Mental Health and Wellness.\\\",\\\"ogDescription\\\":\\\" To provide innovative and alternative services in an effort to help those seeking change to live a meaningful and fulfilling life. To help them to cultivate their best self as they work towards enhancing their life experiences. To raise the awareness and the importance of Mental Health and Wellness.\\\",\\\"ogImage\\\":\\\"https://cdn.sanity.io/images/4u89wsbx/development/19ec2e026285aa2d7bf3e9e3ec3e73feafe4ca49-3000x3000.jpg\\\"}\",\"component\":\"server-side\"}"}}
[debug] [2022-10-16T18:42:26.154Z] [worker-us-central1-app-2236ce13-d252-475c-b67b-36c5ad892264]: IDLE {"metadata":{"emulator":{"name":"functions"},"message":"[worker-us-central1-app-2236ce13-d252-475c-b67b-36c5ad892264]: IDLE"}}
[debug] [2022-10-16T18:42:26.154Z] [work-queue] {"queueLength":0,"workRunningCount":0}
[info] i  functions: Finished "app" in 376.752625ms {"metadata":{"emulator":{"name":"functions"},"function":{"name":"us-central1-app"},"extension":{},"message":"Finished \"app\" in 376.752625ms"}}
[debug] [2022-10-16T18:42:26.155Z] <<< [apiv2][status] GET http://localhost:5001/transform-hw/us-central1/app/transformative-healing-and-wellness/coming-soon 304
[debug] [2022-10-16T18:42:26.155Z] <<< [apiv2][body] GET http://localhost:5001/transform-hw/us-central1/app/transformative-healing-and-wellness/coming-soon [stream]
[info] i  hosting: 127.0.0.1 - - [16/Oct/2022:18:42:26 +0000] "GET /transformative-healing-and-wellness/coming-soon HTTP/1.1" 304 - "-" "Mozilla/5.0 (Macintosh; Intel Mac OS X 10_15_7) AppleWebKit/537.36 (KHTML, like Gecko) Chrome/106.0.0.0 Safari/537.36" {"metadata":{"emulator":{"name":"hosting"},"message":"127.0.0.1 - - [16/Oct/2022:18:42:26 +0000] \"GET /transformative-healing-and-wellness/coming-soon HTTP/1.1\" 304 - \"-\" \"Mozilla/5.0 (Macintosh; Intel Mac OS X 10_15_7) AppleWebKit/537.36 (KHTML, like Gecko) Chrome/106.0.0.0 Safari/537.36\""}}
[info] i  hosting: 127.0.0.1 - - [16/Oct/2022:18:42:26 +0000] "GET /static/css/main.a617e044.chunk.css HTTP/1.1" 200 - "http://localhost:5002/transformative-healing-and-wellness/coming-soon" "Mozilla/5.0 (Macintosh; Intel Mac OS X 10_15_7) AppleWebKit/537.36 (KHTML, like Gecko) Chrome/106.0.0.0 Safari/537.36" {"metadata":{"emulator":{"name":"hosting"},"message":"127.0.0.1 - - [16/Oct/2022:18:42:26 +0000] \"GET /static/css/main.a617e044.chunk.css HTTP/1.1\" 200 - \"http://localhost:5002/transformative-healing-and-wellness/coming-soon\" \"Mozilla/5.0 (Macintosh; Intel Mac OS X 10_15_7) AppleWebKit/537.36 (KHTML, like Gecko) Chrome/106.0.0.0 Safari/537.36\""}}
[info] i  hosting: 127.0.0.1 - - [16/Oct/2022:18:42:26 +0000] "GET /static/js/main.648d6347.chunk.js HTTP/1.1" 200 - "http://localhost:5002/transformative-healing-and-wellness/coming-soon" "Mozilla/5.0 (Macintosh; Intel Mac OS X 10_15_7) AppleWebKit/537.36 (KHTML, like Gecko) Chrome/106.0.0.0 Safari/537.36" {"metadata":{"emulator":{"name":"hosting"},"message":"127.0.0.1 - - [16/Oct/2022:18:42:26 +0000] \"GET /static/js/main.648d6347.chunk.js HTTP/1.1\" 200 - \"http://localhost:5002/transformative-healing-and-wellness/coming-soon\" \"Mozilla/5.0 (Macintosh; Intel Mac OS X 10_15_7) AppleWebKit/537.36 (KHTML, like Gecko) Chrome/106.0.0.0 Safari/537.36\""}}
[info] i  hosting: 127.0.0.1 - - [16/Oct/2022:18:42:26 +0000] "GET /static/js/2.03c0941f.chunk.js HTTP/1.1" 200 - "http://localhost:5002/transformative-healing-and-wellness/coming-soon" "Mozilla/5.0 (Macintosh; Intel Mac OS X 10_15_7) AppleWebKit/537.36 (KHTML, like Gecko) Chrome/106.0.0.0 Safari/537.36" {"metadata":{"emulator":{"name":"hosting"},"message":"127.0.0.1 - - [16/Oct/2022:18:42:26 +0000] \"GET /static/js/2.03c0941f.chunk.js HTTP/1.1\" 200 - \"http://localhost:5002/transformative-healing-and-wellness/coming-soon\" \"Mozilla/5.0 (Macintosh; Intel Mac OS X 10_15_7) AppleWebKit/537.36 (KHTML, like Gecko) Chrome/106.0.0.0 Safari/537.36\""}}
[info] i  hosting: 127.0.0.1 - - [16/Oct/2022:18:42:26 +0000] "GET /manifest.json HTTP/1.1" 200 389 "http://localhost:5002/transformative-healing-and-wellness/coming-soon" "Mozilla/5.0 (Macintosh; Intel Mac OS X 10_15_7) AppleWebKit/537.36 (KHTML, like Gecko) Chrome/106.0.0.0 Safari/537.36" {"metadata":{"emulator":{"name":"hosting"},"message":"127.0.0.1 - - [16/Oct/2022:18:42:26 +0000] \"GET /manifest.json HTTP/1.1\" 200 389 \"http://localhost:5002/transformative-healing-and-wellness/coming-soon\" \"Mozilla/5.0 (Macintosh; Intel Mac OS X 10_15_7) AppleWebKit/537.36 (KHTML, like Gecko) Chrome/106.0.0.0 Safari/537.36\""}}
[info] i  hosting: 127.0.0.1 - - [16/Oct/2022:18:42:26 +0000] "GET /favicon.ico HTTP/1.1" 200 - "http://localhost:5002/transformative-healing-and-wellness/coming-soon" "Mozilla/5.0 (Macintosh; Intel Mac OS X 10_15_7) AppleWebKit/537.36 (KHTML, like Gecko) Chrome/106.0.0.0 Safari/537.36" {"metadata":{"emulator":{"name":"hosting"},"message":"127.0.0.1 - - [16/Oct/2022:18:42:26 +0000] \"GET /favicon.ico HTTP/1.1\" 200 - \"http://localhost:5002/transformative-healing-and-wellness/coming-soon\" \"Mozilla/5.0 (Macintosh; Intel Mac OS X 10_15_7) AppleWebKit/537.36 (KHTML, like Gecko) Chrome/106.0.0.0 Safari/537.36\""}}
[info] i  hosting: 127.0.0.1 - - [16/Oct/2022:18:42:26 +0000] "GET /static/media/Poppins-Medium.9e1bb626.ttf HTTP/1.1" 200 - "http://localhost:5002/transformative-healing-and-wellness/coming-soon" "Mozilla/5.0 (Macintosh; Intel Mac OS X 10_15_7) AppleWebKit/537.36 (KHTML, like Gecko) Chrome/106.0.0.0 Safari/537.36" {"metadata":{"emulator":{"name":"hosting"},"message":"127.0.0.1 - - [16/Oct/2022:18:42:26 +0000] \"GET /static/media/Poppins-Medium.9e1bb626.ttf HTTP/1.1\" 200 - \"http://localhost:5002/transformative-healing-and-wellness/coming-soon\" \"Mozilla/5.0 (Macintosh; Intel Mac OS X 10_15_7) AppleWebKit/537.36 (KHTML, like Gecko) Chrome/106.0.0.0 Safari/537.36\""}}
[info] i  hosting: 127.0.0.1 - - [16/Oct/2022:18:42:26 +0000] "GET /static/media/therapistHoldingHand.b90f5b9f.jpg HTTP/1.1" 200 5152278 "http://localhost:5002/transformative-healing-and-wellness/coming-soon" "Mozilla/5.0 (Macintosh; Intel Mac OS X 10_15_7) AppleWebKit/537.36 (KHTML, like Gecko) Chrome/106.0.0.0 Safari/537.36" {"metadata":{"emulator":{"name":"hosting"},"message":"127.0.0.1 - - [16/Oct/2022:18:42:26 +0000] \"GET /static/media/therapistHoldingHand.b90f5b9f.jpg HTTP/1.1\" 200 5152278 \"http://localhost:5002/transformative-healing-and-wellness/coming-soon\" \"Mozilla/5.0 (Macintosh; Intel Mac OS X 10_15_7) AppleWebKit/537.36 (KHTML, like Gecko) Chrome/106.0.0.0 Safari/537.36\""}}
[info] [hosting] Rewriting / to http://localhost:5001/transform-hw/us-central1/app for local Function us-central1/app
[debug] [2022-10-16T19:21:25.279Z] >>> [apiv2][query] GET http://localhost:5001/transform-hw/us-central1/app/ 
[debug] [2022-10-16T19:21:25.285Z] [work-queue] {"queueLength":1,"workRunningCount":0}
[debug] [2022-10-16T19:21:25.285Z] [work-queue] {"queueLength":0,"workRunningCount":1}
[debug] [2022-10-16T19:21:25.285Z] Accepted request GET /transform-hw/us-central1/app/ --> us-central1-app
[debug] [2022-10-16T19:21:25.289Z] [functions] Runtime ready! Sending request! {"metadata":{"emulator":{"name":"functions"},"message":"[functions] Runtime ready! Sending request!"}}
[debug] [2022-10-16T19:21:25.289Z] [functions] Got req.url=/transform-hw/us-central1/app/, mapping to path=/ {"metadata":{"emulator":{"name":"functions"},"message":"[functions] Got req.url=/transform-hw/us-central1/app/, mapping to path=/"}}
[debug] [2022-10-16T19:21:25.289Z] [worker-pool] submitRequest(triggerId=us-central1-app) {"metadata":{"emulator":{"name":"functions"},"message":"[worker-pool] submitRequest(triggerId=us-central1-app)"}}
[debug] [2022-10-16T19:21:25.289Z] [worker-us-central1-app-2236ce13-d252-475c-b67b-36c5ad892264]: BUSY {"metadata":{"emulator":{"name":"functions"},"message":"[worker-us-central1-app-2236ce13-d252-475c-b67b-36c5ad892264]: BUSY"}}
[info] i  functions: Beginning execution of "app" {"metadata":{"emulator":{"name":"functions"},"function":{"name":"us-central1-app"},"extension":{},"message":"Beginning execution of \"app\""}}
[info] >  {"severity":"NOTICE","message":"checking allowlist, data:{}","component":"CORS"} {"user":{"severity":"NOTICE","message":"checking allowlist, data:{}","component":"CORS"},"metadata":{"emulator":{"name":"functions"},"function":{"name":"us-central1-app"},"extension":{},"message":"\u001b[90m> \u001b[39m {\"severity\":\"NOTICE\",\"message\":\"checking allowlist, data:{}\",\"component\":\"CORS\"}"}}
[info] >  {"severity":"NOTICE","message":"Logger Created by Req:, data:{}","component":"firebase-functions"} {"user":{"severity":"NOTICE","message":"Logger Created by Req:, data:{}","component":"firebase-functions"},"metadata":{"emulator":{"name":"functions"},"function":{"name":"us-central1-app"},"extension":{},"message":"\u001b[90m> \u001b[39m {\"severity\":\"NOTICE\",\"message\":\"Logger Created by Req:, data:{}\",\"component\":\"firebase-functions\"}"}}
[info] >  {"severity":"NOTICE","message":"Hello from the Server Siiiiiide, data:{\"0\":\"\"}","component":"server-side"} {"user":{"severity":"NOTICE","message":"Hello from the Server Siiiiiide, data:{\"0\":\"\"}","component":"server-side"},"metadata":{"emulator":{"name":"functions"},"function":{"name":"us-central1-app"},"extension":{},"message":"\u001b[90m> \u001b[39m {\"severity\":\"NOTICE\",\"message\":\"Hello from the Server Siiiiiide, data:{\\\"0\\\":\\\"\\\"}\",\"component\":\"server-side\"}"}}
[info] >  {"severity":"NOTICE","message":"index path, data:\"/Users/terrelltrapperkeepersingleton/Documents/GitHub/transformHW/functions/lib/functions/src/index.html\"","component":"server-side"} {"user":{"severity":"NOTICE","message":"index path, data:\"/Users/terrelltrapperkeepersingleton/Documents/GitHub/transformHW/functions/lib/functions/src/index.html\"","component":"server-side"},"metadata":{"emulator":{"name":"functions"},"function":{"name":"us-central1-app"},"extension":{},"message":"\u001b[90m> \u001b[39m {\"severity\":\"NOTICE\",\"message\":\"index path, data:\\\"/Users/terrelltrapperkeepersingleton/Documents/GitHub/transformHW/functions/lib/functions/src/index.html\\\"\",\"component\":\"server-side\"}"}}
[info] >  {"severity":"NOTICE","message":"Loading this page from sanity, data:\"coming-soon\"","component":"server-side"} {"user":{"severity":"NOTICE","message":"Loading this page from sanity, data:\"coming-soon\"","component":"server-side"},"metadata":{"emulator":{"name":"functions"},"function":{"name":"us-central1-app"},"extension":{},"message":"\u001b[90m> \u001b[39m {\"severity\":\"NOTICE\",\"message\":\"Loading this page from sanity, data:\\\"coming-soon\\\"\",\"component\":\"server-side\"}"}}
[info] >  {"severity":"NOTICE","message":"fetched page, data:{\"pageSlug\":\"coming-soon\",\"page\":{\"androidPlayStoreIconSrc\":null,\"androidPlayStoreLink\":null,\"appStoreIconSrc\":null,\"appStoreLink\":null,\"description\":\" To provide innovative and alternative services in an effort to help those seeking change to live a meaningful and fulfilling life. To help them to cultivate their best self as they work towards enhancing their life experiences. To raise the awareness and the importance of Mental Health and Wellness.\",\"facebook\":\"transformHW\",\"facebookIconSrc\":null,\"fdicDisclaimer\":null,\"fdicImage\":null,\"instagram\":\"TransformativeHealingAndWellness\",\"instagramIconSrc\":null,\"isUnderConstruction\":true,\"metaImage\":{\"_type\":\"image\",\"asset\":{\"_ref\":\"image-19ec2e026285aa2d7bf3e9e3ec3e73feafe4ca49-3000x3000-jpg\",\"_type\":\"reference\"}},\"pageContent\":null,\"releaseDate\":\"2022-11-10\",\"slug\":{\"_type\":\"slug\",\"current\":\"coming-soon\"},\"structuredData\":null,\"title\":\"Transformative Healing & Wellness\",\"twitter\":\"transform_hw\",\"twitterIconSrc\":null}}","component":"fetchPage"} {"user":{"severity":"NOTICE","message":"fetched page, data:{\"pageSlug\":\"coming-soon\",\"page\":{\"androidPlayStoreIconSrc\":null,\"androidPlayStoreLink\":null,\"appStoreIconSrc\":null,\"appStoreLink\":null,\"description\":\" To provide innovative and alternative services in an effort to help those seeking change to live a meaningful and fulfilling life. To help them to cultivate their best self as they work towards enhancing their life experiences. To raise the awareness and the importance of Mental Health and Wellness.\",\"facebook\":\"transformHW\",\"facebookIconSrc\":null,\"fdicDisclaimer\":null,\"fdicImage\":null,\"instagram\":\"TransformativeHealingAndWellness\",\"instagramIconSrc\":null,\"isUnderConstruction\":true,\"metaImage\":{\"_type\":\"image\",\"asset\":{\"_ref\":\"image-19ec2e026285aa2d7bf3e9e3ec3e73feafe4ca49-3000x3000-jpg\",\"_type\":\"reference\"}},\"pageContent\":null,\"releaseDate\":\"2022-11-10\",\"slug\":{\"_type\":\"slug\",\"current\":\"coming-soon\"},\"structuredData\":null,\"title\":\"Transformative Healing & Wellness\",\"twitter\":\"transform_hw\",\"twitterIconSrc\":null}}","component":"fetchPage"},"metadata":{"emulator":{"name":"functions"},"function":{"name":"us-central1-app"},"extension":{},"message":"\u001b[90m> \u001b[39m {\"severity\":\"NOTICE\",\"message\":\"fetched page, data:{\\\"pageSlug\\\":\\\"coming-soon\\\",\\\"page\\\":{\\\"androidPlayStoreIconSrc\\\":null,\\\"androidPlayStoreLink\\\":null,\\\"appStoreIconSrc\\\":null,\\\"appStoreLink\\\":null,\\\"description\\\":\\\" To provide innovative and alternative services in an effort to help those seeking change to live a meaningful and fulfilling life. To help them to cultivate their best self as they work towards enhancing their life experiences. To raise the awareness and the importance of Mental Health and Wellness.\\\",\\\"facebook\\\":\\\"transformHW\\\",\\\"facebookIconSrc\\\":null,\\\"fdicDisclaimer\\\":null,\\\"fdicImage\\\":null,\\\"instagram\\\":\\\"TransformativeHealingAndWellness\\\",\\\"instagramIconSrc\\\":null,\\\"isUnderConstruction\\\":true,\\\"metaImage\\\":{\\\"_type\\\":\\\"image\\\",\\\"asset\\\":{\\\"_ref\\\":\\\"image-19ec2e026285aa2d7bf3e9e3ec3e73feafe4ca49-3000x3000-jpg\\\",\\\"_type\\\":\\\"reference\\\"}},\\\"pageContent\\\":null,\\\"releaseDate\\\":\\\"2022-11-10\\\",\\\"slug\\\":{\\\"_type\\\":\\\"slug\\\",\\\"current\\\":\\\"coming-soon\\\"},\\\"structuredData\\\":null,\\\"title\\\":\\\"Transformative Healing & Wellness\\\",\\\"twitter\\\":\\\"transform_hw\\\",\\\"twitterIconSrc\\\":null}}\",\"component\":\"fetchPage\"}"}}
[info] >  IMAGE URL https://cdn.sanity.io/images/4u89wsbx/development/19ec2e026285aa2d7bf3e9e3ec3e73feafe4ca49-3000x3000.jpg {"user":"IMAGE URL https://cdn.sanity.io/images/4u89wsbx/development/19ec2e026285aa2d7bf3e9e3ec3e73feafe4ca49-3000x3000.jpg","metadata":{"emulator":{"name":"functions"},"function":{"name":"us-central1-app"},"extension":{},"message":"\u001b[90m> \u001b[39m IMAGE URL https://cdn.sanity.io/images/4u89wsbx/development/19ec2e026285aa2d7bf3e9e3ec3e73feafe4ca49-3000x3000.jpg"}}
[info] >  {"severity":"NOTICE","message":"MetaTag Data, data:{\"ogTitle\":\"Transformative Healing & Wellness\",\"description\":\" To provide innovative and alternative services in an effort to help those seeking change to live a meaningful and fulfilling life. To help them to cultivate their best self as they work towards enhancing their life experiences. To raise the awareness and the importance of Mental Health and Wellness.\",\"ogDescription\":\" To provide innovative and alternative services in an effort to help those seeking change to live a meaningful and fulfilling life. To help them to cultivate their best self as they work towards enhancing their life experiences. To raise the awareness and the importance of Mental Health and Wellness.\",\"ogImage\":\"https://cdn.sanity.io/images/4u89wsbx/development/19ec2e026285aa2d7bf3e9e3ec3e73feafe4ca49-3000x3000.jpg\"}","component":"server-side"} {"user":{"severity":"NOTICE","message":"MetaTag Data, data:{\"ogTitle\":\"Transformative Healing & Wellness\",\"description\":\" To provide innovative and alternative services in an effort to help those seeking change to live a meaningful and fulfilling life. To help them to cultivate their best self as they work towards enhancing their life experiences. To raise the awareness and the importance of Mental Health and Wellness.\",\"ogDescription\":\" To provide innovative and alternative services in an effort to help those seeking change to live a meaningful and fulfilling life. To help them to cultivate their best self as they work towards enhancing their life experiences. To raise the awareness and the importance of Mental Health and Wellness.\",\"ogImage\":\"https://cdn.sanity.io/images/4u89wsbx/development/19ec2e026285aa2d7bf3e9e3ec3e73feafe4ca49-3000x3000.jpg\"}","component":"server-side"},"metadata":{"emulator":{"name":"functions"},"function":{"name":"us-central1-app"},"extension":{},"message":"\u001b[90m> \u001b[39m {\"severity\":\"NOTICE\",\"message\":\"MetaTag Data, data:{\\\"ogTitle\\\":\\\"Transformative Healing & Wellness\\\",\\\"description\\\":\\\" To provide innovative and alternative services in an effort to help those seeking change to live a meaningful and fulfilling life. To help them to cultivate their best self as they work towards enhancing their life experiences. To raise the awareness and the importance of Mental Health and Wellness.\\\",\\\"ogDescription\\\":\\\" To provide innovative and alternative services in an effort to help those seeking change to live a meaningful and fulfilling life. To help them to cultivate their best self as they work towards enhancing their life experiences. To raise the awareness and the importance of Mental Health and Wellness.\\\",\\\"ogImage\\\":\\\"https://cdn.sanity.io/images/4u89wsbx/development/19ec2e026285aa2d7bf3e9e3ec3e73feafe4ca49-3000x3000.jpg\\\"}\",\"component\":\"server-side\"}"}}
[debug] [2022-10-16T19:21:25.680Z] [worker-us-central1-app-2236ce13-d252-475c-b67b-36c5ad892264]: IDLE {"metadata":{"emulator":{"name":"functions"},"message":"[worker-us-central1-app-2236ce13-d252-475c-b67b-36c5ad892264]: IDLE"}}
[debug] [2022-10-16T19:21:25.680Z] [work-queue] {"queueLength":0,"workRunningCount":0}
[info] i  functions: Finished "app" in 376.338333ms {"metadata":{"emulator":{"name":"functions"},"function":{"name":"us-central1-app"},"extension":{},"message":"Finished \"app\" in 376.338333ms"}}
[debug] [2022-10-16T19:21:25.681Z] <<< [apiv2][status] GET http://localhost:5001/transform-hw/us-central1/app/ 200
[debug] [2022-10-16T19:21:25.681Z] <<< [apiv2][body] GET http://localhost:5001/transform-hw/us-central1/app/ [stream]
[info] i  hosting: 127.0.0.1 - - [16/Oct/2022:19:21:25 +0000] "GET / HTTP/1.1" 200 4116 "-" "Mozilla/5.0 (Macintosh; Intel Mac OS X 10_15_7) AppleWebKit/537.36 (KHTML, like Gecko) Chrome/106.0.0.0 Safari/537.36" {"metadata":{"emulator":{"name":"hosting"},"message":"127.0.0.1 - - [16/Oct/2022:19:21:25 +0000] \"GET / HTTP/1.1\" 200 4116 \"-\" \"Mozilla/5.0 (Macintosh; Intel Mac OS X 10_15_7) AppleWebKit/537.36 (KHTML, like Gecko) Chrome/106.0.0.0 Safari/537.36\""}}
[info] i  hosting: 127.0.0.1 - - [16/Oct/2022:19:21:25 +0000] "GET /static/css/main.a617e044.chunk.css HTTP/1.1" 200 - "http://localhost:5002/" "Mozilla/5.0 (Macintosh; Intel Mac OS X 10_15_7) AppleWebKit/537.36 (KHTML, like Gecko) Chrome/106.0.0.0 Safari/537.36" {"metadata":{"emulator":{"name":"hosting"},"message":"127.0.0.1 - - [16/Oct/2022:19:21:25 +0000] \"GET /static/css/main.a617e044.chunk.css HTTP/1.1\" 200 - \"http://localhost:5002/\" \"Mozilla/5.0 (Macintosh; Intel Mac OS X 10_15_7) AppleWebKit/537.36 (KHTML, like Gecko) Chrome/106.0.0.0 Safari/537.36\""}}
[info] i  hosting: 127.0.0.1 - - [16/Oct/2022:19:21:25 +0000] "GET /static/js/main.648d6347.chunk.js HTTP/1.1" 200 - "http://localhost:5002/" "Mozilla/5.0 (Macintosh; Intel Mac OS X 10_15_7) AppleWebKit/537.36 (KHTML, like Gecko) Chrome/106.0.0.0 Safari/537.36" {"metadata":{"emulator":{"name":"hosting"},"message":"127.0.0.1 - - [16/Oct/2022:19:21:25 +0000] \"GET /static/js/main.648d6347.chunk.js HTTP/1.1\" 200 - \"http://localhost:5002/\" \"Mozilla/5.0 (Macintosh; Intel Mac OS X 10_15_7) AppleWebKit/537.36 (KHTML, like Gecko) Chrome/106.0.0.0 Safari/537.36\""}}
[info] i  hosting: 127.0.0.1 - - [16/Oct/2022:19:21:25 +0000] "GET /static/js/2.03c0941f.chunk.js HTTP/1.1" 200 - "http://localhost:5002/" "Mozilla/5.0 (Macintosh; Intel Mac OS X 10_15_7) AppleWebKit/537.36 (KHTML, like Gecko) Chrome/106.0.0.0 Safari/537.36" {"metadata":{"emulator":{"name":"hosting"},"message":"127.0.0.1 - - [16/Oct/2022:19:21:25 +0000] \"GET /static/js/2.03c0941f.chunk.js HTTP/1.1\" 200 - \"http://localhost:5002/\" \"Mozilla/5.0 (Macintosh; Intel Mac OS X 10_15_7) AppleWebKit/537.36 (KHTML, like Gecko) Chrome/106.0.0.0 Safari/537.36\""}}
[info] i  hosting: 127.0.0.1 - - [16/Oct/2022:19:21:25 +0000] "GET /manifest.json HTTP/1.1" 200 389 "http://localhost:5002/transformative-healing-and-wellness/coming-soon" "Mozilla/5.0 (Macintosh; Intel Mac OS X 10_15_7) AppleWebKit/537.36 (KHTML, like Gecko) Chrome/106.0.0.0 Safari/537.36" {"metadata":{"emulator":{"name":"hosting"},"message":"127.0.0.1 - - [16/Oct/2022:19:21:25 +0000] \"GET /manifest.json HTTP/1.1\" 200 389 \"http://localhost:5002/transformative-healing-and-wellness/coming-soon\" \"Mozilla/5.0 (Macintosh; Intel Mac OS X 10_15_7) AppleWebKit/537.36 (KHTML, like Gecko) Chrome/106.0.0.0 Safari/537.36\""}}
[info] i  hosting: 127.0.0.1 - - [16/Oct/2022:19:21:26 +0000] "GET /static/media/Poppins-Medium.9e1bb626.ttf HTTP/1.1" 200 - "http://localhost:5002/transformative-healing-and-wellness/coming-soon" "Mozilla/5.0 (Macintosh; Intel Mac OS X 10_15_7) AppleWebKit/537.36 (KHTML, like Gecko) Chrome/106.0.0.0 Safari/537.36" {"metadata":{"emulator":{"name":"hosting"},"message":"127.0.0.1 - - [16/Oct/2022:19:21:26 +0000] \"GET /static/media/Poppins-Medium.9e1bb626.ttf HTTP/1.1\" 200 - \"http://localhost:5002/transformative-healing-and-wellness/coming-soon\" \"Mozilla/5.0 (Macintosh; Intel Mac OS X 10_15_7) AppleWebKit/537.36 (KHTML, like Gecko) Chrome/106.0.0.0 Safari/537.36\""}}
[info] i  hosting: 127.0.0.1 - - [16/Oct/2022:19:21:26 +0000] "GET /static/media/therapistHoldingHand.b90f5b9f.jpg HTTP/1.1" 200 5152278 "http://localhost:5002/transformative-healing-and-wellness/coming-soon" "Mozilla/5.0 (Macintosh; Intel Mac OS X 10_15_7) AppleWebKit/537.36 (KHTML, like Gecko) Chrome/106.0.0.0 Safari/537.36" {"metadata":{"emulator":{"name":"hosting"},"message":"127.0.0.1 - - [16/Oct/2022:19:21:26 +0000] \"GET /static/media/therapistHoldingHand.b90f5b9f.jpg HTTP/1.1\" 200 5152278 \"http://localhost:5002/transformative-healing-and-wellness/coming-soon\" \"Mozilla/5.0 (Macintosh; Intel Mac OS X 10_15_7) AppleWebKit/537.36 (KHTML, like Gecko) Chrome/106.0.0.0 Safari/537.36\""}}
